<?xml version="1.0" encoding="UTF-8"?>
<!-- Generated by org.testng.reporters.JUnitXMLReporter -->
<testsuite hostname="xiaolanyun" name="登陆管理员账户" tests="1" failures="0" timestamp="23 Apr 2019 03:50:59 GMT" time="1.74" errors="0">
  <testcase name="@BeforeClass initTest" time="0.0" classname="com.xiaolanyun.appium.DataTest.testCase.Login.LoginPage_001_UICheckForRootLogin_Test">
    <failure type="org.openqa.selenium.WebDriverException" message="Error forwarding the new session Empty pool of VM for setup Capabilities [{app=E:\java_workspace\DevOps_AppiumTest\res\app\android\XiaoLanYunMart-v1.1.1-debug-2019-04-10-09-58.apk, appActivity=com.example.xiaolanyun.mart.ui.SplashActivity, appPackage=com.example.xiaolanyun.ldmart, platformVersion=6.0.1, automationName=appium, sessionOverride=true, unicodeKeyboard=true, platformName=Android, udid=113a20777d33, deviceName=redmi, resetKeyboard=true}]
Command duration or timeout: 425 milliseconds
Build info: version: &amp;apos;2.53.0&amp;apos;, revision: &amp;apos;35ae25b1534ae328c771e0856c93e187490ca824&amp;apos;, time: &amp;apos;2016-03-15 10:43:46&amp;apos;
System info: host: &amp;apos;xiaolanyun&amp;apos;, ip: &amp;apos;66.183.247.193&amp;apos;, os.name: &amp;apos;Windows 8.1&amp;apos;, os.arch: &amp;apos;amd64&amp;apos;, os.version: &amp;apos;6.3&amp;apos;, java.version: &amp;apos;1.7.0_80&amp;apos;
Driver info: io.appium.java_client.android.AndroidDriver">
      <![CDATA[org.openqa.selenium.WebDriverException: Error forwarding the new session Empty pool of VM for setup Capabilities [{app=E:\java_workspace\DevOps_AppiumTest\res\app\android\XiaoLanYunMart-v1.1.1-debug-2019-04-10-09-58.apk, appActivity=com.example.xiaolanyun.mart.ui.SplashActivity, appPackage=com.example.xiaolanyun.ldmart, platformVersion=6.0.1, automationName=appium, sessionOverride=true, unicodeKeyboard=true, platformName=Android, udid=113a20777d33, deviceName=redmi, resetKeyboard=true}]
Command duration or timeout: 425 milliseconds
Build info: version: '2.53.0', revision: '35ae25b1534ae328c771e0856c93e187490ca824', time: '2016-03-15 10:43:46'
System info: host: 'xiaolanyun', ip: '66.183.247.193', os.name: 'Windows 8.1', os.arch: 'amd64', os.version: '6.3', java.version: '1.7.0_80'
Driver info: io.appium.java_client.android.AndroidDriver
	at org.openqa.selenium.remote.ErrorHandler.createThrowable(ErrorHandler.java:206)
	at org.openqa.selenium.remote.ErrorHandler.throwIfResponseFailed(ErrorHandler.java:158)
	at org.openqa.selenium.remote.RemoteWebDriver.execute(RemoteWebDriver.java:678)
	at io.appium.java_client.DefaultGenericMobileDriver.execute(DefaultGenericMobileDriver.java:42)
	at io.appium.java_client.AppiumDriver.execute(AppiumDriver.java:1)
	at io.appium.java_client.android.AndroidDriver.execute(AndroidDriver.java:1)
	at org.openqa.selenium.remote.RemoteWebDriver.startSession(RemoteWebDriver.java:249)
	at org.openqa.selenium.remote.RemoteWebDriver.<init>(RemoteWebDriver.java:131)
	at org.openqa.selenium.remote.RemoteWebDriver.<init>(RemoteWebDriver.java:144)
	at io.appium.java_client.DefaultGenericMobileDriver.<init>(DefaultGenericMobileDriver.java:37)
	at io.appium.java_client.AppiumDriver.<init>(AppiumDriver.java:162)
	at io.appium.java_client.AppiumDriver.<init>(AppiumDriver.java:171)
	at io.appium.java_client.android.AndroidDriver.<init>(AndroidDriver.java:72)
	at com.xiaolanyun.appium.DataTest.utils.AppiumUtil.getDriver(AppiumUtil.java:56)
	at com.xiaolanyun.appium.DataTest.utils.SelectDriver.selectDriver(SelectDriver.java:120)
	at com.xiaolanyun.appium.DataTest.base.BasePrepare.initTest(BasePrepare.java:42)
	at java.util.concurrent.FutureTask.run(FutureTask.java:262)
	at java.util.concurrent.ThreadPoolExecutor.runWorker(ThreadPoolExecutor.java:1145)
	at java.util.concurrent.ThreadPoolExecutor$Worker.run(ThreadPoolExecutor.java:615)
	at java.lang.Thread.run(Thread.java:745)
Caused by: org.openqa.selenium.WebDriverException: Error forwarding the new session Empty pool of VM for setup Capabilities [{app=E:\java_workspace\DevOps_AppiumTest\res\app\android\XiaoLanYunMart-v1.1.1-debug-2019-04-10-09-58.apk, appActivity=com.example.xiaolanyun.mart.ui.SplashActivity, appPackage=com.example.xiaolanyun.ldmart, platformVersion=6.0.1, automationName=appium, sessionOverride=true, unicodeKeyboard=true, platformName=Android, udid=113a20777d33, deviceName=redmi, resetKeyboard=true}]
Build info: version: '2.53.0', revision: '35ae25b1534ae328c771e0856c93e187490ca824', time: '2016-03-15 10:43:46'
System info: host: 'xiaolanyun', ip: '66.183.247.193', os.name: 'Windows 8.1', os.arch: 'amd64', os.version: '6.3', java.version: '1.7.0_80'
Driver info: driver.version: unknown
	at org.openqa.grid.web.servlet.handler.RequestHandler.process(RequestHandler.java:115)
	at org.openqa.grid.web.servlet.DriverServlet.process(DriverServlet.java:83)
	at org.openqa.grid.web.servlet.DriverServlet.doPost(DriverServlet.java:67)
	at javax.servlet.http.HttpServlet.service(HttpServlet.java:707)
	at javax.servlet.http.HttpServlet.service(HttpServlet.java:790)
	at org.seleniumhq.jetty9.servlet.ServletHolder.handle(ServletHolder.java:808)
	at org.seleniumhq.jetty9.servlet.ServletHandler.doHandle(ServletHandler.java:587)
	at org.seleniumhq.jetty9.server.session.SessionHandler.doHandle(SessionHandler.java:221)
	at org.seleniumhq.jetty9.server.handler.ContextHandler.doHandle(ContextHandler.java:1127)
	at org.seleniumhq.jetty9.servlet.ServletHandler.doScope(ServletHandler.java:515)
	at org.seleniumhq.jetty9.server.session.SessionHandler.doScope(SessionHandler.java:185)
	at org.seleniumhq.jetty9.server.handler.ContextHandler.doScope(ContextHandler.java:1061)
	at org.seleniumhq.jetty9.server.handler.ScopedHandler.handle(ScopedHandler.java:141)
	at org.seleniumhq.jetty9.server.handler.HandlerWrapper.handle(HandlerWrapper.java:97)
	at org.seleniumhq.jetty9.server.Server.handle(Server.java:499)
	at org.seleniumhq.jetty9.server.HttpChannel.handle(HttpChannel.java:310)
	at org.seleniumhq.jetty9.server.HttpConnection.onFillable(HttpConnection.java:257)
	at org.seleniumhq.jetty9.io.AbstractConnection$2.run(AbstractConnection.java:540)
	at org.seleniumhq.jetty9.util.thread.QueuedThreadPool.runJob(QueuedThreadPool.java:635)
	at org.seleniumhq.jetty9.util.thread.QueuedThreadPool$3.run(QueuedThreadPool.java:555)
	at java.lang.Thread.run(Unknown Source)
... Removed 20 stack frames]]>
    </failure>
  </testcase> <!-- @BeforeClass initTest -->
  <testcase name="@AfterClass clenTest" time="0.0" classname="com.xiaolanyun.appium.DataTest.testCase.Login.LoginPage_001_UICheckForRootLogin_Test">
    <skipped/>
  </testcase> <!-- @AfterClass clenTest -->
  <testcase name="checkLoginUI" time="0.003" classname="com.xiaolanyun.appium.DataTest.testCase.Login.LoginPage_001_UICheckForRootLogin_Test">
    <skipped/>
  </testcase> <!-- checkLoginUI -->
</testsuite> <!-- 登陆管理员账户 -->
