<?xml version="1.0" encoding="UTF-8"?>
<testng-results skipped="0" failed="0" total="2" passed="2">
  <reporter-output>
  </reporter-output>
  <suite name="小烂云Mart所有测试用例多台手机并行测试" duration-ms="161252" started-at="2019-04-23T04:48:47Z" finished-at="2019-04-23T04:51:28Z">
    <groups>
    </groups>
    <test name="管理员界面切换" duration-ms="57116" started-at="2019-04-23T04:48:47Z" finished-at="2019-04-23T04:49:44Z">
      <class name="com.xiaolanyun.appium.DataTest.testCase.RootNavigation.RootNavigationPage_001_UICheckForRootLogin_Test">
        <test-method status="PASS" signature="initTest(org.testng.ITestContext)[pri:0, instance:com.xiaolanyun.appium.DataTest.testCase.RootNavigation.RootNavigationPage_001_UICheckForRootLogin_Test@5494ecac]" name="initTest" is-config="true" duration-ms="29992" started-at="2019-04-23T12:48:47Z" finished-at="2019-04-23T12:49:17Z">
          <params>
            <param index="0">
              <value>
                <![CDATA[org.testng.TestRunner@4abfa6aa]]>
              </value>
            </param>
          </params>
          <reporter-output>
          </reporter-output>
        </test-method> <!-- initTest -->
        <test-method status="PASS" signature="checkLoginUI()[pri:0, instance:com.xiaolanyun.appium.DataTest.testCase.RootNavigation.RootNavigationPage_001_UICheckForRootLogin_Test@5494ecac]" name="checkLoginUI" duration-ms="25922" started-at="2019-04-23T12:49:17Z" finished-at="2019-04-23T12:49:43Z">
          <reporter-output>
          </reporter-output>
        </test-method> <!-- checkLoginUI -->
        <test-method status="PASS" signature="clenTest()[pri:0, instance:com.xiaolanyun.appium.DataTest.testCase.RootNavigation.RootNavigationPage_001_UICheckForRootLogin_Test@5494ecac]" name="clenTest" is-config="true" duration-ms="1182" started-at="2019-04-23T12:49:43Z" finished-at="2019-04-23T12:49:44Z">
          <reporter-output>
          </reporter-output>
        </test-method> <!-- clenTest -->
      </class> <!-- com.xiaolanyun.appium.DataTest.testCase.RootNavigation.RootNavigationPage_001_UICheckForRootLogin_Test -->
    </test> <!-- 管理员界面切换 -->
    <test name="管理员登陆添加买家卖家账户并购买商品发货" duration-ms="161252" started-at="2019-04-23T04:48:47Z" finished-at="2019-04-23T04:51:28Z">
      <class name="com.xiaolanyun.appium.DataTest.testCase.RootAddUserAndBuyGoods.RootAddUserPage_001_UICheckForAddUserAndBuyGoods_Test">
        <test-method status="PASS" signature="initTest(org.testng.ITestContext)[pri:0, instance:com.xiaolanyun.appium.DataTest.testCase.RootAddUserAndBuyGoods.RootAddUserPage_001_UICheckForAddUserAndBuyGoods_Test@7c5cc270]" name="initTest" is-config="true" duration-ms="17146" started-at="2019-04-23T12:48:47Z" finished-at="2019-04-23T12:49:04Z">
          <params>
            <param index="0">
              <value>
                <![CDATA[org.testng.TestRunner@1084027e]]>
              </value>
            </param>
          </params>
          <reporter-output>
          </reporter-output>
        </test-method> <!-- initTest -->
        <test-method status="PASS" signature="rootAddUser()[pri:0, instance:com.xiaolanyun.appium.DataTest.testCase.RootAddUserAndBuyGoods.RootAddUserPage_001_UICheckForAddUserAndBuyGoods_Test@7c5cc270]" name="rootAddUser" duration-ms="143411" started-at="2019-04-23T12:49:04Z" finished-at="2019-04-23T12:51:28Z">
          <reporter-output>
          </reporter-output>
        </test-method> <!-- rootAddUser -->
        <test-method status="PASS" signature="clenTest()[pri:0, instance:com.xiaolanyun.appium.DataTest.testCase.RootAddUserAndBuyGoods.RootAddUserPage_001_UICheckForAddUserAndBuyGoods_Test@7c5cc270]" name="clenTest" is-config="true" duration-ms="674" started-at="2019-04-23T12:51:28Z" finished-at="2019-04-23T12:51:28Z">
          <reporter-output>
          </reporter-output>
        </test-method> <!-- clenTest -->
      </class> <!-- com.xiaolanyun.appium.DataTest.testCase.RootAddUserAndBuyGoods.RootAddUserPage_001_UICheckForAddUserAndBuyGoods_Test -->
    </test> <!-- 管理员登陆添加买家卖家账户并购买商品发货 -->
  </suite> <!-- 小烂云Mart所有测试用例多台手机并行测试 -->
</testng-results>
